2026-04-21 11:39:08  [INFO    ]  watcher — ============================================================
2026-04-21 11:39:08  [INFO    ]  watcher — PDF Organiser started
2026-04-21 11:39:08  [INFO    ]  watcher —   Watch dir  :  ./inbox
2026-04-21 11:39:08  [INFO    ]  watcher —   Output dir :  ./organised
2026-04-21 11:39:08  [INFO    ]  watcher — ============================================================
2026-06-05 02:14:28  [INFO    ]  watcher — ============================================================
2026-06-05 02:14:28  [INFO    ]  watcher — PDF Organiser started
2026-06-05 02:14:28  [INFO    ]  watcher —   Watch dir  :  ./inbox
2026-06-05 02:14:28  [INFO    ]  watcher —   Output dir :  ./organised
2026-06-05 02:14:28  [INFO    ]  watcher — ============================================================
2026-06-05 10:19:59  [INFO    ]  watcher — ============================================================
2026-06-05 10:19:59  [INFO    ]  watcher — PDF Organiser started
2026-06-05 10:19:59  [INFO    ]  watcher —   Watch dir  :  D:\Harshit\Sem4\Python\mamnotes
2026-06-05 10:19:59  [INFO    ]  watcher —   Output dir :  D:\Harshit\TEST_FOLDER
2026-06-05 10:19:59  [INFO    ]  watcher — ============================================================
2026-06-05 10:23:44  [INFO    ]  watcher — ============================================================
2026-06-05 10:23:44  [INFO    ]  watcher — PDF Organiser started
2026-06-05 10:23:44  [INFO    ]  watcher —   Watch dir  :  ./inbox
2026-06-05 10:23:44  [INFO    ]  watcher —   Output dir :  ./organised
2026-06-05 10:23:44  [INFO    ]  watcher — ============================================================
2026-06-05 10:23:59  [INFO    ]  watcher — ============================================================
2026-06-05 10:23:59  [INFO    ]  watcher — PDF Organiser started
2026-06-05 10:23:59  [INFO    ]  watcher —   Watch dir  :  ./inbox
2026-06-05 10:23:59  [INFO    ]  watcher —   Output dir :  ./organised
2026-06-05 10:23:59  [INFO    ]  watcher — ============================================================
2026-06-05 10:24:05  [INFO    ]  watcher — ▶  New PDF detected: 14 BME201 Previous Year End Semester Exam Question Paper.pdf
2026-06-05 10:24:10  [INFO    ]  httpx — HTTP Request: POST https://models.github.ai/inference/chat/completions "HTTP/1.1 200 OK"
2026-06-05 10:24:10  [INFO    ]  classifier — '14 BME201 Previous Year End Semester Exam Question Paper.pdf'  →  classified as  'Exams\BTECH_Fundamentals_Mechanical_Engineering'
2026-06-05 10:24:10  [INFO    ]  organiser — Moved  14 BME201 Previous Year End Semester Exam Question Paper.pdf  →  organised\Exams\BTECH_Fundamentals_Mechanical_Engineering\14 BME201 Previous Year End Semester Exam Question Paper.pdf
2026-06-05 10:24:25  [INFO    ]  watcher — ▶  New PDF detected: CO4_QB_LMS_BAS403.pdf
2026-06-05 10:24:29  [INFO    ]  httpx — HTTP Request: POST https://models.github.ai/inference/chat/completions "HTTP/1.1 200 OK"
2026-06-05 10:24:29  [INFO    ]  classifier — 'CO4_QB_LMS_BAS403.pdf'  →  classified as  'Academics\Mathematics\Question_Bank'
2026-06-05 10:24:29  [INFO    ]  organiser — Moved  CO4_QB_LMS_BAS403.pdf                                    →  organised\Academics\Mathematics\Question_Bank\CO4_QB_LMS_BAS403.pdf
